C:\WK-Git\Back-End\WKBackend\SPA\wkTest\dist\out-tsc\app\app-routing.module.js
C:\WK-Git\Back-End\WKBackend\SPA\wkTest\dist\out-tsc\app\app-routing.module.js.map
C:\WK-Git\Back-End\WKBackend\SPA\wkTest\dist\out-tsc\app\app.service.js
C:\WK-Git\Back-End\WKBackend\SPA\wkTest\dist\out-tsc\app\app.service.js.map
C:\WK-Git\Back-End\WKBackend\SPA\wkTest\dist\out-tsc\app\app.component.js
C:\WK-Git\Back-End\WKBackend\SPA\wkTest\dist\out-tsc\app\app.component.js.map
C:\WK-Git\Back-End\WKBackend\SPA\wkTest\dist\out-tsc\app\app.module.js
C:\WK-Git\Back-End\WKBackend\SPA\wkTest\dist\out-tsc\app\app.module.js.map
C:\WK-Git\Back-End\WKBackend\SPA\wkTest\dist\out-tsc\environments\environment.js
C:\WK-Git\Back-End\WKBackend\SPA\wkTest\dist\out-tsc\environments\environment.js.map
C:\WK-Git\Back-End\WKBackend\SPA\wkTest\dist\out-tsc\main.js
C:\WK-Git\Back-End\WKBackend\SPA\wkTest\dist\out-tsc\main.js.map
C:\WK-Git\Back-End\WKBackend\SPA\wkTest\dist\out-tsc\polyfills.js
C:\WK-Git\Back-End\WKBackend\SPA\wkTest\dist\out-tsc\polyfills.js.map
C:\WK-Git\Back-End\WKBackend\SPA\wkTest\dist\out-tsc\test.js
C:\WK-Git\Back-End\WKBackend\SPA\wkTest\dist\out-tsc\test.js.map
C:\WK-Git\Back-End\WKBackend\SPA\wkTest\dist\out-tsc\app\app.component.spec.js
C:\WK-Git\Back-End\WKBackend\SPA\wkTest\dist\out-tsc\app\app.component.spec.js.map
C:\WK-Git\Back-End\WKBackend\SPA\wkTest\dist\out-tsc\app\app.service.spec.js
C:\WK-Git\Back-End\WKBackend\SPA\wkTest\dist\out-tsc\app\app.service.spec.js.map
C:\WK-Git\Back-End\WKBackend\SPA\wkTest\dist\out-tsc\environments\environment.prod.js
C:\WK-Git\Back-End\WKBackend\SPA\wkTest\dist\out-tsc\environments\environment.prod.js.map
